<?xml version="1.0" encoding="UTF-8"?>
<!-- Generated by org.testng.reporters.JUnitReportReporter -->
<testsuite hostname="DESKTOP-NPTK16I" failures="0" tests="4" name="com.datadriven.SampleDataDriven" time="3.683" errors="0" timestamp="01 Jul 2024 11:08:05 GMT" skipped="0">
  <testcase classname="com.datadriven.SampleDataDriven" name="tc0" time="2.419"/>
  <testcase classname="com.datadriven.SampleDataDriven" name="tc0" time="0.452"/>
  <testcase classname="com.datadriven.SampleDataDriven" name="tc0" time="0.397"/>
  <testcase classname="com.datadriven.SampleDataDriven" name="tc0" time="0.415"/>
</testsuite> <!-- com.datadriven.SampleDataDriven -->
