<?xml version="1.0" encoding="UTF-8"?>
<!-- Generated by org.testng.reporters.JUnitReportReporter -->
<testsuite hostname="DESKTOP-NPTK16I" failures="0" tests="1" name="com.swagger.petstore.Implementation" time="3.802" errors="0" timestamp="01 Jul 2024 11:57:39 GMT" skipped="0">
  <testcase classname="com.swagger.petstore.Implementation" name="tc0" time="3.802"/>
</testsuite> <!-- com.swagger.petstore.Implementation -->
